ERROR 2017-12-31 19:07:03,076  - [Error getting log details! - The underlying provider failed on Open.]
System.Data.Entity.Core.EntityException: The underlying provider failed on Open. ---> System.Data.SqlClient.SqlException: Login failed for user 'vmacu_root'.  Reason: The password of the account has expired.
   at System.Data.SqlClient.SqlInternalConnectionTds..ctor(DbConnectionPoolIdentity identity, SqlConnectionString connectionOptions, SqlCredential credential, Object providerInfo, String newPassword, SecureString newSecurePassword, Boolean redirectedUserInstance, SqlConnectionString userConnectionOptions, SessionData reconnectSessionData, DbConnectionPool pool, String accessToken, Boolean applyTransientFaultHandling)
   at System.Data.SqlClient.SqlConnectionFactory.CreateConnection(DbConnectionOptions options, DbConnectionPoolKey poolKey, Object poolGroupProviderInfo, DbConnectionPool pool, DbConnection owningConnection, DbConnectionOptions userOptions)
   at System.Data.ProviderBase.DbConnectionFactory.CreatePooledConnection(DbConnectionPool pool, DbConnection owningObject, DbConnectionOptions options, DbConnectionPoolKey poolKey, DbConnectionOptions userOptions)
   at System.Data.ProviderBase.DbConnectionPool.CreateObject(DbConnection owningObject, DbConnectionOptions userOptions, DbConnectionInternal oldConnection)
   at System.Data.ProviderBase.DbConnectionPool.UserCreateRequest(DbConnection owningObject, DbConnectionOptions userOptions, DbConnectionInternal oldConnection)
   at System.Data.ProviderBase.DbConnectionPool.TryGetConnection(DbConnection owningObject, UInt32 waitForMultipleObjectsTimeout, Boolean allowCreate, Boolean onlyOneCheckConnection, DbConnectionOptions userOptions, DbConnectionInternal& connection)
   at System.Data.ProviderBase.DbConnectionPool.TryGetConnection(DbConnection owningObject, TaskCompletionSource`1 retry, DbConnectionOptions userOptions, DbConnectionInternal& connection)
   at System.Data.ProviderBase.DbConnectionFactory.TryGetConnection(DbConnection owningConnection, TaskCompletionSource`1 retry, DbConnectionOptions userOptions, DbConnectionInternal oldConnection, DbConnectionInternal& connection)
   at System.Data.ProviderBase.DbConnectionInternal.TryOpenConnectionInternal(DbConnection outerConnection, DbConnectionFactory connectionFactory, TaskCompletionSource`1 retry, DbConnectionOptions userOptions)
   at System.Data.ProviderBase.DbConnectionClosed.TryOpenConnection(DbConnection outerConnection, DbConnectionFactory connectionFactory, TaskCompletionSource`1 retry, DbConnectionOptions userOptions)
   at System.Data.SqlClient.SqlConnection.TryOpenInner(TaskCompletionSource`1 retry)
   at System.Data.SqlClient.SqlConnection.TryOpen(TaskCompletionSource`1 retry)
   at System.Data.SqlClient.SqlConnection.Open()
   at System.Data.Entity.Infrastructure.Interception.DbConnectionDispatcher.<Open>b__36(DbConnection t, DbConnectionInterceptionContext c)
   at System.Data.Entity.Infrastructure.Interception.InternalDispatcher`1.Dispatch[TTarget,TInterceptionContext](TTarget target, Action`2 operation, TInterceptionContext interceptionContext, Action`3 executing, Action`3 executed)
   at System.Data.Entity.Infrastructure.Interception.DbConnectionDispatcher.Open(DbConnection connection, DbInterceptionContext interceptionContext)
   at System.Data.Entity.Core.EntityClient.EntityConnection.<Open>b__2()
   at System.Data.Entity.SqlServer.DefaultSqlExecutionStrategy.<>c__DisplayClass1.<Execute>b__0()
   at System.Data.Entity.SqlServer.DefaultSqlExecutionStrategy.Execute[TResult](Func`1 operation)
   at System.Data.Entity.SqlServer.DefaultSqlExecutionStrategy.Execute(Action operation)
   at System.Data.Entity.Core.EntityClient.EntityConnection.Open()
   --- End of inner exception stack trace ---
   at VenturaITC.DSMSystem.Pages.Login.LogIn(Object sender, EventArgs e) in C:\Users\ventura.macute\Documents\Visual Studio 2015\Projects\VenturaITC.DSMSystem\VenturaITC.DSMSystem\Pages\Login.aspx.cs:line 108
   at System.Web.UI.WebControls.Button.OnClick(EventArgs e)
   at System.Web.UI.WebControls.Button.RaisePostBackEvent(String eventArgument)
   at System.Web.UI.WebControls.Button.System.Web.UI.IPostBackEventHandler.RaisePostBackEvent(String eventArgument)
   at System.Web.UI.Page.RaisePostBackEvent(IPostBackEventHandler sourceControl, String eventArgument)
   at System.Web.UI.Page.RaisePostBackEvent(NameValueCollection postData)
   at System.Web.UI.Page.ProcessRequestMain(Boolean includeStagesBeforeAsyncPoint, Boolean includeStagesAfterAsyncPoint)
ERROR 2017-12-31 19:46:06,854  - [user: sysadmin, Device Name: ventura-pc - Maximum request length exceeded.]
System.Web.HttpException (0x80004005): Maximum request length exceeded.
   at System.Web.HttpRequest.GetEntireRawContent()
   at System.Web.HttpRequest.GetMultipartContent()
   at System.Web.HttpRequest.FillInFormCollection()
   at System.Web.HttpRequest.EnsureForm()
   at System.Web.HttpRequest.get_Form()
   at System.Web.HttpRequest.get_HasForm()
   at System.Web.UI.Page.GetCollectionBasedOnMethod(Boolean dontReturnNull)
   at System.Web.UI.Page.DeterminePostBackMode()
   at System.Web.UI.Page.ProcessRequestMain(Boolean includeStagesBeforeAsyncPoint, Boolean includeStagesAfterAsyncPoint)
ERROR 2017-12-31 19:46:21,376  - [user: sysadmin, Device Name: ventura-pc - Maximum request length exceeded.]
System.Web.HttpException (0x80004005): Maximum request length exceeded.
   at System.Web.HttpRequest.GetEntireRawContent()
   at System.Web.HttpRequest.GetMultipartContent()
   at System.Web.HttpRequest.FillInFormCollection()
   at System.Web.HttpRequest.EnsureForm()
   at System.Web.HttpRequest.get_Form()
   at System.Web.HttpRequest.get_HasForm()
   at System.Web.UI.Page.GetCollectionBasedOnMethod(Boolean dontReturnNull)
   at System.Web.UI.Page.DeterminePostBackMode()
   at System.Web.UI.Page.ProcessRequestMain(Boolean includeStagesBeforeAsyncPoint, Boolean includeStagesAfterAsyncPoint)
ERROR 2017-12-31 19:46:47,604  - [user: sysadmin, Device Name: ventura-pc - Maximum request length exceeded.]
System.Web.HttpException (0x80004005): Maximum request length exceeded.
   at System.Web.HttpRequest.GetEntireRawContent()
   at System.Web.HttpRequest.GetMultipartContent()
   at System.Web.HttpRequest.FillInFormCollection()
   at System.Web.HttpRequest.EnsureForm()
   at System.Web.HttpRequest.get_Form()
   at System.Web.HttpRequest.get_HasForm()
   at System.Web.UI.Page.GetCollectionBasedOnMethod(Boolean dontReturnNull)
   at System.Web.UI.Page.DeterminePostBackMode()
   at System.Web.UI.Page.ProcessRequestMain(Boolean includeStagesBeforeAsyncPoint, Boolean includeStagesAfterAsyncPoint)
